<?xml version="1.0" encoding="UTF-8"?>
<!-- Generated by org.testng.reporters.JUnitXMLReporter -->
<testsuite ignored="0" hostname="DESKTOP-5CR3OHQ" failures="0" tests="3" name="Default test" time="2.616" errors="0" timestamp="2022-02-21T13:50:58 IST">
  <testcase classname="StepDefination.definnation" name="passing_values_from_get_method" time="2.344"/>
  <testcase classname="StepDefination.definnation" name="user_is_on_api" time="0.003"/>
  <testcase classname="StepDefination.definnation" name="validate_response_received" time="0.219"/>
</testsuite> <!-- Default test -->
